Metrics collected: {"timestamp": "2026-04-18T16:19:02.842317", "cpu_percent": 0.5, "memory_percent": 52.8, "disk_percent": 42.7, "service_name": "apache2", "service_status": "active"}
Decision output: [2026-04-18T16:19:02.877500] OK - All metrics normal. CPU:0.5% MEM:52.8%
{"actions": [], "service": "apache2"}
Actions: 
Service: 
No healing actions needed.
Metrics collected: {"timestamp": "2026-04-18T16:20:03.053411", "cpu_percent": 0.5, "memory_percent": 52.8, "disk_percent": 42.7, "service_name": "apache2", "service_status": "inactive"}
Decision output: [2026-04-18T16:20:03.089515] CRITICAL - SERVICE DOWN: apache2 is inactive
{"actions": ["restart_service"], "service": "apache2"}
Actions: 
Service: 
No healing actions needed.
Metrics collected: {"timestamp": "2026-04-18T16:21:02.249589", "cpu_percent": 0.5, "memory_percent": 52.9, "disk_percent": 42.7, "service_name": "apache2", "service_status": "inactive"}
Decision output: [2026-04-18T16:21:02.289249] CRITICAL - SERVICE DOWN: apache2 is inactive
{"actions": ["restart_service"], "service": "apache2"}
Actions: 
Service: 
No healing actions needed.
Metrics collected: {"timestamp": "2026-04-18T16:22:02.424149", "cpu_percent": 14.6, "memory_percent": 52.9, "disk_percent": 42.7, "service_name": "apache2", "service_status": "inactive"}
Decision output: [2026-04-18T16:22:02.456308] CRITICAL - SERVICE DOWN: apache2 is inactive
{"actions": ["restart_service"], "service": "apache2"}
Actions: 
Service: 
No healing actions needed.
Metrics collected: {"timestamp": "2026-04-18T16:23:02.577972", "cpu_percent": 1.5, "memory_percent": 52.8, "disk_percent": 42.7, "service_name": "apache2", "service_status": "inactive"}
Decision output: {"actions": ["restart_service"], "service": "apache2"}
Actions: restart_service
Service: apache2
Executing heal action: restart_service for service: apache2
[2026-04-18T16:23:02+00:00] HEALING - Attempting to restart apache2 (attempt 1)
[2026-04-18T16:23:02+00:00] RECOVERED - apache2 restarted successfully.
